<?xml version="1.0" encoding="UTF-8"?>
<testsuite xmlns:xsi="http://www.w3.org/2001/XMLSchema-instance" xsi:noNamespaceSchemaLocation="https://maven.apache.org/surefire/maven-surefire-plugin/xsd/surefire-test-report.xsd" version="3.0.2" name="com.afitech.Afitech1ApplicationTests" time="12.872" tests="1" errors="0" skipped="0" failures="0">
  <properties>
[...]
</properties>
  <testcase name="contextLoads" classname="com.afitech.Afitech1ApplicationTests" time="0.871">
    <system-out><![CDATA[23:25:06.977 [main] INFO org.springframework.test.context.support.AnnotationConfigContextLoaderUtils -- Could not detect default configuration classes for test class [com.afitech.Afitech1ApplicationTests]: Afitech1ApplicationTests does not declare any static, non-private, non-final, nested classes annotated with @Configuration.
23:25:07.295 [main] INFO org.springframework.boot.test.context.SpringBootTestContextBootstrapper -- Found @SpringBootConfiguration com.afitech.Afitech1Application for test class com.afitech.Afitech1ApplicationTests
23:25:07.930 [main] INFO org.springframework.boot.devtools.restart.RestartApplicationListener -- Restart disabled due to context in which it is running

  .   ____          _            __ _ _
 /\\ / ___'_ __ _ _(_)_ __  __ _ \ \ \ \
( ( )\___ | '_ | '_| | '_ \/ _` | \ \ \ \
 \\/  ___)| |_)| | | | | || (_| |  ) ) ) )
  '  |____| .__|_| |_|_| |_\__, | / / / /
 =========|_|==============|___/=/_/_/_/

 :: Spring Boot ::                (v3.4.2)

2025-04-07T23:25:08.942Z  INFO 19524 --- [Afitech_1-] [           main] com.afitech.Afitech1ApplicationTests     : Starting Afitech1ApplicationTests using Java 17.0.12 with PID 19524 (started by Matar KEITA in C:\Users\LENEVO\Desktop\Afitech_1-)
2025-04-07T23:25:08.942Z  INFO 19524 --- [Afitech_1-] [           main] com.afitech.Afitech1ApplicationTests     : No active profile set, falling back to 1 default profile: "default"
2025-04-07T23:25:10.896Z  INFO 19524 --- [Afitech_1-] [           main] .s.d.r.c.RepositoryConfigurationDelegate : Multiple Spring Data modules found, entering strict repository configuration mode
2025-04-07T23:25:10.898Z  INFO 19524 --- [Afitech_1-] [           main] .s.d.r.c.RepositoryConfigurationDelegate : Bootstrapping Spring Data JDBC repositories in DEFAULT mode.
2025-04-07T23:25:10.992Z  INFO 19524 --- [Afitech_1-] [           main] .RepositoryConfigurationExtensionSupport : Spring Data JDBC - Could not safely identify store assignment for repository candidate interface com.afitech.repository.EtudiantRepository; If you want this repository to be a JDBC repository, consider annotating your entities with one of these annotations: org.springframework.data.relational.core.mapping.Table.
2025-04-07T23:25:10.992Z  INFO 19524 --- [Afitech_1-] [           main] .RepositoryConfigurationExtensionSupport : Spring Data JDBC - Could not safely identify store assignment for repository candidate interface com.afitech.repository.NoteRepository; If you want this repository to be a JDBC repository, consider annotating your entities with one of these annotations: org.springframework.data.relational.core.mapping.Table.
2025-04-07T23:25:10.992Z  INFO 19524 --- [Afitech_1-] [           main] .RepositoryConfigurationExtensionSupport : Spring Data JDBC - Could not safely identify store assignment for repository candidate interface com.afitech.repository.RoleRepository; If you want this repository to be a JDBC repository, consider annotating your entities with one of these annotations: org.springframework.data.relational.core.mapping.Table.
2025-04-07T23:25:11.000Z  INFO 19524 --- [Afitech_1-] [           main] .RepositoryConfigurationExtensionSupport : Spring Data JDBC - Could not safely identify store assignment for repository candidate interface com.afitech.repository.SecretaireRepository; If you want this repository to be a JDBC repository, consider annotating your entities with one of these annotations: org.springframework.data.relational.core.mapping.Table.
2025-04-07T23:25:11.004Z  INFO 19524 --- [Afitech_1-] [           main] .RepositoryConfigurationExtensionSupport : Spring Data JDBC - Could not safely identify store assignment for repository candidate interface com.afitech.repository.UserRepository; If you want this repository to be a JDBC repository, consider annotating your entities with one of these annotations: org.springframework.data.relational.core.mapping.Table.
2025-04-07T23:25:11.005Z  INFO 19524 --- [Afitech_1-] [           main] .s.d.r.c.RepositoryConfigurationDelegate : Finished Spring Data repository scanning in 85 ms. Found 0 JDBC repository interfaces.
2025-04-07T23:25:11.034Z  INFO 19524 --- [Afitech_1-] [           main] .s.d.r.c.RepositoryConfigurationDelegate : Multiple Spring Data modules found, entering strict repository configuration mode
2025-04-07T23:25:11.034Z  INFO 19524 --- [Afitech_1-] [           main] .s.d.r.c.RepositoryConfigurationDelegate : Bootstrapping Spring Data JPA repositories in DEFAULT mode.
2025-04-07T23:25:11.146Z  INFO 19524 --- [Afitech_1-] [           main] .s.d.r.c.RepositoryConfigurationDelegate : Finished Spring Data repository scanning in 92 ms. Found 5 JPA repository interfaces.
2025-04-07T23:25:12.135Z  INFO 19524 --- [Afitech_1-] [           main] o.hibernate.jpa.internal.util.LogHelper  : HHH000204: Processing PersistenceUnitInfo [name: default]
2025-04-07T23:25:12.289Z  INFO 19524 --- [Afitech_1-] [           main] org.hibernate.Version                    : HHH000412: Hibernate ORM core version 6.6.5.Final
2025-04-07T23:25:12.374Z  INFO 19524 --- [Afitech_1-] [           main] o.h.c.internal.RegionFactoryInitiator    : HHH000026: Second-level cache disabled
2025-04-07T23:25:13.089Z  INFO 19524 --- [Afitech_1-] [           main] o.s.o.j.p.SpringPersistenceUnitInfo      : No LoadTimeWeaver setup: ignoring JPA class transformer
2025-04-07T23:25:13.165Z  INFO 19524 --- [Afitech_1-] [           main] com.zaxxer.hikari.HikariDataSource       : HikariPool-1 - Starting...
2025-04-07T23:25:13.475Z  INFO 19524 --- [Afitech_1-] [           main] com.zaxxer.hikari.pool.HikariPool        : HikariPool-1 - Added connection conn0: url=jdbc:h2:mem:afitechdb user=SA
2025-04-07T23:25:13.487Z  INFO 19524 --- [Afitech_1-] [           main] com.zaxxer.hikari.HikariDataSource       : HikariPool-1 - Start completed.
2025-04-07T23:25:13.615Z  INFO 19524 --- [Afitech_1-] [           main] org.hibernate.orm.connections.pooling    : HHH10001005: Database info:
	Database JDBC URL [Connecting through datasource 'HikariDataSource (HikariPool-1)']
	Database driver: undefined/unknown
	Database version: 2.3.232
	Autocommit mode: undefined/unknown
	Isolation level: undefined/unknown
	Minimum pool size: undefined/unknown
	Maximum pool size: undefined/unknown
2025-04-07T23:25:15.570Z  INFO 19524 --- [Afitech_1-] [           main] o.h.e.t.j.p.i.JtaPlatformInitiator       : HHH000489: No JTA platform available (set 'hibernate.transaction.jta.platform' to enable JTA platform integration)
2025-04-07T23:25:15.586Z DEBUG 19524 --- [Afitech_1-] [           main] org.hibernate.SQL                        : 
    drop table if exists app_user cascade 
Hibernate: 
    drop table if exists app_user cascade 
2025-04-07T23:25:15.619Z DEBUG 19524 --- [Afitech_1-] [           main] org.hibernate.SQL                        : 
    drop table if exists etudiant cascade 
Hibernate: 
    drop table if exists etudiant cascade 
2025-04-07T23:25:15.619Z DEBUG 19524 --- [Afitech_1-] [           main] org.hibernate.SQL                        : 
    drop table if exists note cascade 
Hibernate: 
    drop table if exists note cascade 
2025-04-07T23:25:15.619Z DEBUG 19524 --- [Afitech_1-] [           main] org.hibernate.SQL                        : 
    drop table if exists role cascade 
Hibernate: 
    drop table if exists role cascade 
2025-04-07T23:25:15.619Z DEBUG 19524 --- [Afitech_1-] [           main] org.hibernate.SQL                        : 
    drop table if exists secretaire cascade 
Hibernate: 
    drop table if exists secretaire cascade 
2025-04-07T23:25:15.619Z DEBUG 19524 --- [Afitech_1-] [           main] org.hibernate.SQL                        : 
    drop sequence if exists seq_secretaire
Hibernate: 
    drop sequence if exists seq_secretaire
2025-04-07T23:25:15.633Z DEBUG 19524 --- [Afitech_1-] [           main] org.hibernate.SQL                        : 
    create sequence seq_secretaire start with 1 increment by 1
Hibernate: 
    create sequence seq_secretaire start with 1 increment by 1
2025-04-07T23:25:15.656Z DEBUG 19524 --- [Afitech_1-] [           main] org.hibernate.SQL                        : 
    create table app_user (
        id bigint generated by default as identity,
        role_id bigint,
        email varchar(255) unique,
        password varchar(255),
        primary key (id)
    )
Hibernate: 
    create table app_user (
        id bigint generated by default as identity,
        role_id bigint,
        email varchar(255) unique,
        password varchar(255),
        primary key (id)
    )
2025-04-07T23:25:15.677Z DEBUG 19524 --- [Afitech_1-] [           main] org.hibernate.SQL                        : 
    create table etudiant (
        id bigint generated by default as identity,
        filiere varchar(255),
        matricule varchar(255),
        mot_de_passe varchar(255),
        niveau varchar(255),
        prenom varchar(255),
        primary key (id)
    )
Hibernate: 
    create table etudiant (
        id bigint generated by default as identity,
        filiere varchar(255),
        matricule varchar(255),
        mot_de_passe varchar(255),
        niveau varchar(255),
        prenom varchar(255),
        primary key (id)
    )
2025-04-07T23:25:15.681Z DEBUG 19524 --- [Afitech_1-] [           main] org.hibernate.SQL                        : 
    create table note (
        credit integer not null,
        valeur float(53) not null,
        id bigint generated by default as identity,
        id_etudiant bigint,
        matiere varchar(255),
        semestre varchar(255),
        primary key (id)
    )
Hibernate: 
    create table note (
        credit integer not null,
        valeur float(53) not null,
        id bigint generated by default as identity,
        id_etudiant bigint,
        matiere varchar(255),
        semestre varchar(255),
        primary key (id)
    )
2025-04-07T23:25:15.683Z DEBUG 19524 --- [Afitech_1-] [           main] org.hibernate.SQL                        : 
    create table role (
        id bigint generated by default as identity,
        name enum ('ROLE_ADMIN','ROLE_ETUDIANT','ROLE_SECRETAIRE') unique,
        primary key (id)
    )
Hibernate: 
    create table role (
        id bigint generated by default as identity,
        name enum ('ROLE_ADMIN','ROLE_ETUDIANT','ROLE_SECRETAIRE') unique,
        primary key (id)
    )
2025-04-07T23:25:15.683Z DEBUG 19524 --- [Afitech_1-] [           main] org.hibernate.SQL                        : 
    create table secretaire (
        id bigint not null,
        matricule varchar(255),
        mot_de_passe varchar(255),
        nom varchar(255),
        prenom varchar(255),
        primary key (id)
    )
Hibernate: 
    create table secretaire (
        id bigint not null,
        matricule varchar(255),
        mot_de_passe varchar(255),
        nom varchar(255),
        prenom varchar(255),
        primary key (id)
    )
2025-04-07T23:25:15.694Z DEBUG 19524 --- [Afitech_1-] [           main] org.hibernate.SQL                        : 
    alter table if exists app_user 
       add constraint FK49hx9nj6onfot1fxtonj986ab 
       foreign key (role_id) 
       references role
Hibernate: 
    alter table if exists app_user 
       add constraint FK49hx9nj6onfot1fxtonj986ab 
       foreign key (role_id) 
       references role
2025-04-07T23:25:15.716Z DEBUG 19524 --- [Afitech_1-] [           main] org.hibernate.SQL                        : 
    alter table if exists note 
       add constraint FK7mcioyg3hmvo45i9h9ykbb6sl 
       foreign key (id_etudiant) 
       references etudiant
Hibernate: 
    alter table if exists note 
       add constraint FK7mcioyg3hmvo45i9h9ykbb6sl 
       foreign key (id_etudiant) 
       references etudiant
2025-04-07T23:25:15.732Z  INFO 19524 --- [Afitech_1-] [           main] j.LocalContainerEntityManagerFactoryBean : Initialized JPA EntityManagerFactory for persistence unit 'default'
2025-04-07T23:25:16.482Z  INFO 19524 --- [Afitech_1-] [           main] r$InitializeUserDetailsManagerConfigurer : Global AuthenticationManager configured with UserDetailsService bean with name userDetailsServiceImpl
2025-04-07T23:25:18.262Z  INFO 19524 --- [Afitech_1-] [           main] o.s.b.a.h2.H2ConsoleAutoConfiguration    : H2 console available at '/h2-console'. Database available at 'jdbc:h2:mem:afitechdb'
2025-04-07T23:25:18.386Z  INFO 19524 --- [Afitech_1-] [           main] com.afitech.Afitech1ApplicationTests     : Started Afitech1ApplicationTests in 10.519 seconds (process running for 12.968)
]]></system-out>
  </testcase>
</testsuite>